build/app/outputs/mapping/release/seeds.txt
com.app.assurebox.MainActivity
com.app.assurebox.MainActivity: MainActivity()
...
androidx.appcompat.widget.AppCompatSpinner: void setAdapter(android.widget.Adapter)
androidx.lifecycle.ReportFragment$LifecycleCallbacks: void onActivityCreated(android.app.Activity,android.os.Bundle)
org.chromium.support_lib_boundary.ServiceWorkerClientBoundaryInterface
androidx.window.java.layout.WindowInfoTrackerCallbackAdapter
androidx.window.layout.WindowInfoTrackerImpl: int BUFFER_CAPACITY
androidx.window.layout.DisplayCompatHelperApi17: DisplayCompatHelperApi17()
androidx.window.core.Version: int getMajor()
io.flutter.embedding.engine.FlutterJNI: java.lang.String getObservatoryUri()
kotlin.coroutines.AbstractCoroutineContextElement: kotlin.coroutines.CoroutineContext minusKey(kotlin.coroutines.CoroutineContext$Key)
io.flutter.embedding.engine.mutatorsstack.FlutterMutatorsStack: java.util.List getFinalClippingPaths()
androidx.window.embedding.ExtensionEmbeddingBackend: androidx.window.embedding.EmbeddingInterfaceCompat getEmbeddingExtension()
androidx.window.layout.ExtensionWindowLayoutInfoBackend$MulticastConsumer
androidx.appcompat.widget.ActionBarOverlayLayout: void setWindowCallback(android.view.Window$Callback)
kotlinx.coroutines.scheduling.CoroutineScheduler$WorkerState: kotlinx.coroutines.scheduling.CoroutineScheduler$WorkerState[] values()
io.flutter.embedding.engine.FlutterJNI: void handlePlatformMessageResponse(int,java.nio.ByteBuffer)
io.flutter.view.AccessibilityViewEmbedder: java.lang.String TAG
io.flutter.plugins.GeneratedPluginRegistrant: GeneratedPluginRegistrant()
androidx.window.embedding.ExtensionEmbeddingBackend: java.util.Set getSplitRules()
io.flutter.embedding.engine.mutatorsstack.FlutterMutatorsStack$FlutterMutatorType: io.flutter.embedding.engine.mutatorsstack.FlutterMutatorsStack$FlutterMutatorType[] values()
kotlinx.coroutines.channels.Closed
androidx.appcompat.widget.AppCompatTextView: void setLastBaselineToBottomHeight(int)
kotlinx.coroutines.channels.BufferOverflow: kotlinx.coroutines.channels.BufferOverflow[] values()
androidx.window.core.Version: int compareTo(java.lang.Object)
androidx.appcompat.widget.AppCompatButton: void setSupportBackgroundTintList(android.content.res.ColorStateList)
io.flutter.embedding.engine.mutatorsstack.FlutterMutatorsStack: void pushTransform(float[])
io.flutter.embedding.engine.FlutterJNI: void onSurfaceWindowChanged(android.view.Surface)
androidx.appcompat.widget.FitWindowsLinearLayout
androidx.window.R$styleable: int SplitPlaceholderRule_splitLayoutDirection
androidx.window.layout.WindowMetricsCalculator$Companion$decorator$1: androidx.window.layout.WindowMetricsCalculator invoke(androidx.window.layout.WindowMetricsCalculator)
androidx.appcompat.widget.AppCompatTextView: android.view.textclassifier.TextClassifier getTextClassifier()
androidx.appcompat.widget.Toolbar: void setTitle(java.lang.CharSequence)
androidx.vectordrawable.graphics.drawable.VectorDrawableCompat$VClipPath
androidx.lifecycle.Lifecycle$Event: androidx.lifecycle.Lifecycle$Event ON_PAUSE
androidx.core.widget.NestedScrollView
androidx.appcompat.widget.AppCompatImageButton: void setBackgroundResource(int)
androidx.window.core.Version: int compareTo(androidx.window.core.Version)
androidx.window.embedding.ExtensionEmbeddingBackend$SplitListenerWrapper: android.app.Activity activity
androidx.appcompat.widget.ActionMenuView: void setExpandedActionViewsExclusive(boolean)
androidx.appcompat.view.menu.ActionMenuItemView: void setChecked(boolean)
io.flutter.embedding.engine.FlutterJNI: void setAccessibilityDelegate(io.flutter.embedding.engine.FlutterJNI$AccessibilityDelegate)
androidx.appcompat.widget.Toolbar: java.lang.CharSequence getSubtitle()
io.flutter.embedding.engine.FlutterJNI: void requestDartDeferredLibrary(int)
androidx.window.layout.WindowBackend
androidx.vectordrawable.graphics.drawable.VectorDrawableCompat$VGroup: void setScaleY(float)