build/app/outputs/mapping/release/mapping.txt
# compiler: R8
# compiler_version: 2.1.62
# min_api: 19
# pg_map_id: cab6f71
# common_typos_disable
...
androidx.cursoradapter.widget.ResourceCursorAdapter -> d.e.a.c:
    int mDropDownLayout -> n
    int mLayout -> m
    android.view.LayoutInflater mInflater -> o
    android.view.View newDropDownView(android.content.Context,android.database.Cursor,android.view.ViewGroup) -> g
    android.view.View newView(android.content.Context,android.database.Cursor,android.view.ViewGroup) -> h
androidx.customview.view.AbsSavedState -> d.f.a.a:
    androidx.customview.view.AbsSavedState EMPTY_STATE -> f
    android.os.Parcelable mSuperState -> e
    android.os.Parcelable getSuperState() -> a
androidx.customview.view.AbsSavedState$1 -> d.f.a.a$a:
androidx.customview.view.AbsSavedState$2 -> d.f.a.a$b:
    androidx.customview.view.AbsSavedState createFromParcel(android.os.Parcel) -> a
    androidx.customview.view.AbsSavedState createFromParcel(android.os.Parcel,java.lang.ClassLoader) -> b
    androidx.customview.view.AbsSavedState[] newArray(int) -> c
androidx.fragment.app.BackStackRecord -> androidx.fragment.app.a:
    androidx.fragment.app.FragmentManagerImpl mManager -> r
    int mIndex -> t
    boolean mCommitted -> s
    boolean generateOps(java.util.ArrayList,java.util.ArrayList) -> a
    void bumpBackStackNesting(int) -> c
    void dump(java.lang.String,java.io.PrintWriter) -> d
    void dump(java.lang.String,java.io.PrintWriter,boolean) -> e
    void executeOps() -> f
    void executePopOps(boolean) -> g
    androidx.fragment.app.Fragment expandOps(java.util.ArrayList,androidx.fragment.app.Fragment) -> h
    java.lang.String getName() -> i
    boolean interactsWith(int) -> j
    boolean interactsWith(java.util.ArrayList,int,int) -> k
    boolean isFragmentPostponed(androidx.fragment.app.FragmentTransaction$Op) -> l
    boolean isPostponed() -> m
    void runOnCommitRunnables() -> n
    void setOnStartPostponedListener(androidx.fragment.app.Fragment$OnStartEnterTransitionListener) -> o
    androidx.fragment.app.Fragment trackAddedFragmentsInPop(java.util.ArrayList,androidx.fragment.app.Fragment) -> p
androidx.fragment.app.BackStackState -> androidx.fragment.app.b:
    int mBreadCrumbShortTitleRes -> o
    int mIndex -> l
    int mBreadCrumbTitleRes -> m
    int mTransitionStyle -> j
    java.lang.String mName -> k
    int mTransition -> i
    java.util.ArrayList mFragmentWhos -> f
    boolean mReorderingAllowed -> s
    int[] mOldMaxLifecycleStates -> g
    int[] mCurrentMaxLifecycleStates -> h
    java.lang.CharSequence mBreadCrumbTitleText -> n
    java.lang.CharSequence mBreadCrumbShortTitleText -> p
    int[] mOps -> e
    java.util.ArrayList mSharedElementTargetNames -> r
    java.util.ArrayList mSharedElementSourceNames -> q
    androidx.fragment.app.BackStackRecord instantiate(androidx.fragment.app.FragmentManagerImpl) -> a
androidx.fragment.app.BackStackState$1 -> androidx.fragment.app.b$a:
    androidx.fragment.app.BackStackState createFromParcel(android.os.Parcel) -> a
    androidx.fragment.app.BackStackState[] newArray(int) -> b