build/app/outputs/mapping/release/usage.txt
com.app.assurebox.R$dimen
com.app.assurebox.R$drawable
com.app.assurebox.R$layout
com.app.assurebox.R$color
com.app.assurebox.R$attr
com.app.assurebox.R$anim
com.app.assurebox.BuildConfig
com.app.assurebox.R$styleable
com.app.assurebox.R
com.app.assurebox.R$xml
com.app.assurebox.R$string
com.app.assurebox.R$integer
com.app.assurebox.R$mipmap
com.app.assurebox.R$bool
com.app.assurebox.R$id
com.app.assurebox.R$interpolator
com.app.assurebox.R$style
...
com.google.common.util.concurrent.AbstractScheduledService$CustomScheduler$Schedule
com.google.common.primitives.UnsignedLongs$LexicographicalComparator
kotlin.contracts.CallsInPlace
com.google.common.io.CharSource
com.google.common.cache.LocalCache$WeakAccessWriteEntry
kotlin.ranges.UIntRange$Companion
kotlinx.coroutines.AwaitKt$joinAll$3
com.google.common.collect.Tables$1
com.google.common.base.Stopwatch
kotlin.sequences.SequencesKt___SequencesKt$minus$2
com.google.common.collect.Iterators$MergingIterator
com.google.common.util.concurrent.ExecutionSequencer$3
kotlinx.coroutines.TimeoutCancellationException:
    public void <init>(java.lang.String,kotlinx.coroutines.Job)
    public void <init>(java.lang.String)
    public kotlinx.coroutines.TimeoutCancellationException createCopy()
    public synthetic bridge java.lang.Throwable createCopy()
    public final kotlinx.coroutines.Job coroutine
androidx.appcompat.app.ActionBar$NavigationMode
androidx.appcompat.widget.AbsActionBarView$1
androidx.appcompat.view.menu.MenuPopupHelper:
    public void <init>(android.content.Context,androidx.appcompat.view.menu.MenuBuilder)
    public void <init>(android.content.Context,androidx.appcompat.view.menu.MenuBuilder,android.view.View)
    public int getGravity()
    public void show(int,int)
    public android.widget.ListView getListView()
    private static final int TOUCH_EPICENTER_SIZE_DP
androidx.webkit.WebViewCompat$VisualStateCallback
kotlin.ULongArrayKt
kotlin.UShort$Companion
kotlinx.coroutines.flow.FlowKt__TransformKt$onEach$$inlined$unsafeTransform$1$2$1
kotlinx.coroutines.channels.ChannelsKt__DeprecatedKt$single$1
kotlin.jvm.internal.ArrayByteIterator
com.google.common.primitives.UnsignedLongs$ParseOverflowDetection
kotlin.collections.ArraysKt___ArraysKt$asIterable$$inlined$Iterable$9
kotlin.reflect.KProperty1
androidx.core.app.NotificationCompat$BigPictureStyle$Api23Impl
kotlin.sequences.SequencesKt___SequencesKt$elementAt$1
kotlinx.coroutines.flow.ReadonlyStateFlow
com.google.common.collect.StandardTable$Column$Values
kotlin.collections.MapsKt___MapsKt:
    private static final java.lang.Object firstNotNullOf(java.util.Map,kotlin.jvm.functions.Function1)
    private static final java.lang.Object firstNotNullOfOrNull(java.util.Map,kotlin.jvm.functions.Function1)
    public static final java.util.List toList(java.util.Map)
    public static final java.util.List flatMap(java.util.Map,kotlin.jvm.functions.Function1)
    public static final java.util.List flatMapSequence(java.util.Map,kotlin.jvm.functions.Function1)
    public static final java.util.Collection flatMapTo(java.util.Map,java.util.Collection,kotlin.jvm.functions.Function1)
    public static final java.util.Collection flatMapSequenceTo(java.util.Map,java.util.Collection,kotlin.jvm.functions.Function1)
    public static final java.util.List map(java.util.Map,kotlin.jvm.functions.Function1)
    public static final java.util.List mapNotNull(java.util.Map,kotlin.jvm.functions.Function1)
    public static final java.util.Collection mapNotNullTo(java.util.Map,java.util.Collection,kotlin.jvm.functions.Function1)
    public static final java.util.Collection mapTo(java.util.Map,java.util.Collection,kotlin.jvm.functions.Function1)
    public static final boolean all(java.util.Map,kotlin.jvm.functions.Function1)
    public static final boolean any(java.util.Map)
    public static final boolean any(java.util.Map,kotlin.jvm.functions.Function1)
    private static final int count(java.util.Map)
androidx.appcompat.widget.TooltipCompat:
    private void <init>()
com.google.common.eventbus.Dispatcher$1
com.google.common.math.DoubleMath
androidx.viewpager.widget.ViewPager$OnPageChangeListener
com.google.common.hash.Hashing$ConcatenatedHashFunction
com.google.common.cache.RemovalCause$4